........F.........
======================================================================
FAIL: test_fetch_rss_filters_old_articles (tests.test_research_agent.TestNewsletterFetcher.test_fetch_rss_filters_old_articles)
----------------------------------------------------------------------
Traceback (most recent call last):
  File "C:\Users\ttapk\AppData\Local\Programs\Python\Python312\Lib\unittest\mock.py", line 1390, in patched
    return func(*newargs, **newkeywargs)
           ^^^^^^^^^^^^^^^^^^^^^^^^^^^^^
  File "C:\Users\ttapk\PycharmProjects\pythonProject\Auto-Blogging WP\tests\test_research_agent.py", line 145, in test_fetch_rss_filters_old_articles
    self.assertEqual(len(articles), 0)
AssertionError: 1 != 0

----------------------------------------------------------------------
Ran 18 tests in 7.953s

FAILED (failures=1)
